[2026-06-26 18:16:06,119] multiqc                                            [DEBUG  ]  This is MultiQC v1.18
[2026-06-26 18:16:06,119] multiqc                                            [DEBUG  ]  Command used: /usr/bin/multiqc results/alignment results/counts -o results/multiqc_alignment
[2026-06-26 18:16:11,185] multiqc                                            [WARNING]  MultiQC Version v1.35 now available!
[2026-06-26 18:16:11,185] multiqc                                            [DEBUG  ]  Working dir : /home/ruchika/Desktop/cccp_rnaseq_project
[2026-06-26 18:16:11,185] multiqc                                            [DEBUG  ]  Template    : default
[2026-06-26 18:16:11,185] multiqc                                            [DEBUG  ]  Running Python 3.12.3 (main, Mar 23 2026, 19:04:32) [GCC 13.3.0]
[2026-06-26 18:16:11,186] multiqc                                            [DEBUG  ]  Analysing modules: custom_content, ccs, ngsderive, purple, conpair, lima, peddy, somalier, methylQA, mosdepth, phantompeakqualtools, qualimap, preseq, hifiasm, quast, qorts, rna_seqc, rockhopper, rsem, rseqc, busco, bustools, goleft_indexcov, gffcompare, disambiguate, supernova, deeptools, sargasso, verifybamid, mirtrace, happy, mirtop, sambamba, gopeaks, homer, hops, macs2, theta2, snpeff, gatk, htseq, bcftools, featureCounts, fgbio, dragen, dragen_fastqc, dedup, pbmarkdup, damageprofiler, mapdamage, biobambam2, jcvi, mtnucratio, picard, vep, bakta, prokka, qc3C, nanostat, samblaster, samtools, sexdeterrmine, seqera_cli, eigenstratdatabasetools, bamtools, jellyfish, vcftools, longranger, stacks, varscan2, snippy, umitools, truvari, bbmap, bismark, biscuit, diamond, hicexplorer, hicup, hicpro, salmon, kallisto, slamdunk, star, hisat2, tophat, bowtie2, bowtie1, cellranger, snpsplit, odgi, pangolin, nextclade, freyja, humid, kat, leehom, librarian, adapterRemoval, bbduk, clipandmerge, cutadapt, flexbar, sourmash, kaiju, bracken, kraken, malt, motus, trimmomatic, sickle, skewer, sortmerna, biobloomtools, fastq_screen, afterqc, fastp, fastqc, filtlong, prinseqplusplus, pychopper, porechop, pycoqc, minionqc, anglerfish, multivcfanalyzer, clusterflow, checkqc, bcl2fastq, bclconvert, interop, ivar, flash, seqyclean, optitype, whatshap, xenome, xengsort
[2026-06-26 18:16:11,187] multiqc                                            [DEBUG  ]  Using temporary directory for creating report: /tmp/tmpiykf480o
[2026-06-26 18:16:11,197] multiqc                                            [INFO   ]  Search path : /home/ruchika/Desktop/cccp_rnaseq_project/results/alignment
[2026-06-26 18:16:11,198] multiqc                                            [INFO   ]  Search path : /home/ruchika/Desktop/cccp_rnaseq_project/results/counts
[2026-06-26 18:16:11,286] multiqc                                            [DEBUG  ]  Summary of files that were skipped by the search: [skipped_no_match: 25] // [skipped_ignore_pattern: 24] // [skipped_module_specific_max_filesize: 2] // [skipped_filesize_limit: 1]
[2026-06-26 18:16:11,793] multiqc.plots.bargraph                             [DEBUG  ]  Using matplotlib version 3.6.3
[2026-06-26 18:16:11,796] multiqc.plots.linegraph                            [DEBUG  ]  Using matplotlib version 3.6.3
[2026-06-26 18:16:11,797] multiqc                                            [DEBUG  ]  No samples found: custom_content
[2026-06-26 18:16:11,803] multiqc.modules.featureCounts.feature_counts       [INFO   ]  Found 12 reports
[2026-06-26 18:16:11,816] multiqc.modules.samtools.samtools                  [INFO   ]  Found 12 flagstat reports
[2026-06-26 18:16:11,821] multiqc.modules.bowtie2.bowtie2                    [DEBUG  ]  Duplicate sample name found! Overwriting: SRR34737869
[2026-06-26 18:16:11,822] multiqc.modules.bowtie2.bowtie2                    [DEBUG  ]  Duplicate sample name found! Overwriting: SRR34737871
[2026-06-26 18:16:11,822] multiqc.modules.bowtie2.bowtie2                    [DEBUG  ]  Duplicate sample name found! Overwriting: SRR34737867
[2026-06-26 18:16:11,823] multiqc.modules.bowtie2.bowtie2                    [DEBUG  ]  Duplicate sample name found! Overwriting: SRR34737873
[2026-06-26 18:16:11,823] multiqc.modules.bowtie2.bowtie2                    [DEBUG  ]  Duplicate sample name found! Overwriting: SRR34737874
[2026-06-26 18:16:11,823] multiqc.modules.bowtie2.bowtie2                    [DEBUG  ]  Duplicate sample name found! Overwriting: SRR34737875
[2026-06-26 18:16:11,824] multiqc.modules.bowtie2.bowtie2                    [DEBUG  ]  Duplicate sample name found! Overwriting: SRR34737876
[2026-06-26 18:16:11,824] multiqc.modules.bowtie2.bowtie2                    [DEBUG  ]  Duplicate sample name found! Overwriting: SRR34737866
[2026-06-26 18:16:11,824] multiqc.modules.bowtie2.bowtie2                    [DEBUG  ]  Duplicate sample name found! Overwriting: SRR34737870
[2026-06-26 18:16:11,825] multiqc.modules.bowtie2.bowtie2                    [DEBUG  ]  Duplicate sample name found! Overwriting: SRR34737868
[2026-06-26 18:16:11,825] multiqc.modules.bowtie2.bowtie2                    [DEBUG  ]  Duplicate sample name found! Overwriting: SRR34737872
[2026-06-26 18:16:11,825] multiqc.modules.bowtie2.bowtie2                    [DEBUG  ]  Duplicate sample name found! Overwriting: SRR34737865
[2026-06-26 18:16:11,825] multiqc.modules.bowtie2.bowtie2                    [INFO   ]  Found 12 reports
[2026-06-26 18:16:11,827] multiqc.utils.software_versions                    [DEBUG  ]  Reading software versions from config.software_versions
[2026-06-26 18:16:11,838] multiqc                                            [DEBUG  ]  Compressing plot data
[2026-06-26 18:16:11,850] multiqc                                            [INFO   ]  Report      : results/multiqc_alignment/multiqc_report.html
[2026-06-26 18:16:11,850] multiqc                                            [INFO   ]  Data        : results/multiqc_alignment/multiqc_data
[2026-06-26 18:16:11,850] multiqc                                            [DEBUG  ]  Moving data file from '/tmp/tmpiykf480o/multiqc_data' to 'results/multiqc_alignment/multiqc_data'
[2026-06-26 18:16:11,852] multiqc                                            [DEBUG  ]  Full report path: /home/ruchika/Desktop/cccp_rnaseq_project/results/multiqc_alignment/multiqc_report.html
[2026-06-26 18:16:11,907] multiqc                                            [ERROR  ]  Could not include file 'assets/js/packages/jszip.min.js': [Errno 2] No such file or directory: '/tmp/tmpiykf480o/assets/js/packages/jszip.min.js'
[2026-06-26 18:16:11,949] multiqc                                            [INFO   ]  MultiQC complete
